05/31/2011 17:46:10 PM
--------------------------------------------
Logging In ::
Login was successful.
--------------------------------------------

05/31/2011 17:46:11 PM
--------------------------------------------
Finding activity for phpfunk...
Activity ID: 37486003
Activity Date: 05/30/2011
Max Date: 05/31/2011
Min Date: 05/01/2011
Max Range: 1306764672 <= 1306814400
Min Range: 1306764672 >= 1304222400
JSON URL: http://runkeeper.com//ajax/pointData?activityId=37486003
GPX URL: http://runkeeper.com/download/activity?activityId=37486003&downloadType=gpx
--------------------------------------------

05/31/2011 17:46:12 PM
--------------------------------------------
Finding activity for phpfunk...
Activity ID: 37368913
Activity Date: 05/29/2011
Max Date: 05/31/2011
Min Date: 05/01/2011
Max Range: 1306706951 <= 1306814400
Min Range: 1306706951 >= 1304222400
JSON URL: http://runkeeper.com//ajax/pointData?activityId=37368913
GPX URL: http://runkeeper.com/download/activity?activityId=37368913&downloadType=gpx
--------------------------------------------

05/31/2011 17:46:13 PM
--------------------------------------------
Finding activity for phpfunk...
Activity ID: 37192825
Activity Date: 05/28/2011
Max Date: 05/31/2011
Min Date: 05/01/2011
Max Range: 1306578371 <= 1306814400
Min Range: 1306578371 >= 1304222400
JSON URL: http://runkeeper.com//ajax/pointData?activityId=37192825
GPX URL: http://runkeeper.com/download/activity?activityId=37192825&downloadType=gpx
--------------------------------------------

05/31/2011 17:46:13 PM
--------------------------------------------
Finding activity for phpfunk...
Activity ID: 37041583
Activity Date: 05/26/2011
Max Date: 05/31/2011
Min Date: 05/01/2011
Max Range: 1306445328 <= 1306814400
Min Range: 1306445328 >= 1304222400
JSON URL: http://runkeeper.com//ajax/pointData?activityId=37041583
GPX URL: http://runkeeper.com/download/activity?activityId=37041583&downloadType=gpx
--------------------------------------------

05/31/2011 17:46:14 PM
--------------------------------------------
Finding activity for phpfunk...
Activity ID: 36929138
Activity Date: 05/25/2011
Max Date: 05/31/2011
Min Date: 05/01/2011
Max Range: 1306351394 <= 1306814400
Min Range: 1306351394 >= 1304222400
JSON URL: http://runkeeper.com//ajax/pointData?activityId=36929138
GPX URL: http://runkeeper.com/download/activity?activityId=36929138&downloadType=gpx
--------------------------------------------

05/31/2011 17:46:15 PM
--------------------------------------------
Finding activity for phpfunk...
Activity ID: 36791219
Activity Date: 05/24/2011
Max Date: 05/31/2011
Min Date: 05/01/2011
Max Range: 1306272684 <= 1306814400
Min Range: 1306272684 >= 1304222400
JSON URL: http://runkeeper.com//ajax/pointData?activityId=36791219
GPX URL: http://runkeeper.com/download/activity?activityId=36791219&downloadType=gpx
--------------------------------------------

05/31/2011 17:46:16 PM
--------------------------------------------
Finding activity for phpfunk...
Activity ID: 36521629
Activity Date: 05/22/2011
Max Date: 05/31/2011
Min Date: 05/01/2011
Max Range: 1306103162 <= 1306814400
Min Range: 1306103162 >= 1304222400
JSON URL: http://runkeeper.com//ajax/pointData?activityId=36521629
GPX URL: http://runkeeper.com/download/activity?activityId=36521629&downloadType=gpx
--------------------------------------------

05/31/2011 17:46:16 PM
--------------------------------------------
Finding activity for phpfunk...
Activity ID: 36520371
Activity Date: 05/22/2011
Max Date: 05/31/2011
Min Date: 05/01/2011
Max Range: 1306100579 <= 1306814400
Min Range: 1306100579 >= 1304222400
JSON URL: http://runkeeper.com//ajax/pointData?activityId=36520371
GPX URL: http://runkeeper.com/download/activity?activityId=36520371&downloadType=gpx
--------------------------------------------

05/31/2011 17:46:17 PM
--------------------------------------------
Finding activity for phpfunk...
Activity ID: 36357852
Activity Date: 05/21/2011
Max Date: 05/31/2011
Min Date: 05/01/2011
Max Range: 1305986994 <= 1306814400
Min Range: 1305986994 >= 1304222400
JSON URL: http://runkeeper.com//ajax/pointData?activityId=36357852
GPX URL: http://runkeeper.com/download/activity?activityId=36357852&downloadType=gpx
--------------------------------------------

05/31/2011 17:46:18 PM
--------------------------------------------
Finding activity for phpfunk...
Activity ID: 35896642
Activity Date: 05/17/2011
Max Date: 05/31/2011
Min Date: 05/01/2011
Max Range: 1305666225 <= 1306814400
Min Range: 1305666225 >= 1304222400
JSON URL: http://runkeeper.com//ajax/pointData?activityId=35896642
GPX URL: http://runkeeper.com/download/activity?activityId=35896642&downloadType=gpx
--------------------------------------------

05/31/2011 17:46:19 PM
--------------------------------------------
Finding activity for phpfunk...
Activity ID: 35770523
Activity Date: 05/16/2011
Max Date: 05/31/2011
Min Date: 05/01/2011
Max Range: 1305581943 <= 1306814400
Min Range: 1305581943 >= 1304222400
JSON URL: http://runkeeper.com//ajax/pointData?activityId=35770523
GPX URL: http://runkeeper.com/download/activity?activityId=35770523&downloadType=gpx
--------------------------------------------

05/31/2011 17:46:20 PM
--------------------------------------------
Finding activity for phpfunk...
Activity ID: 35763235
Activity Date: 05/16/2011
Max Date: 05/31/2011
Min Date: 05/01/2011
Max Range: 1305573300 <= 1306814400
Min Range: 1305573300 >= 1304222400
JSON URL: http://runkeeper.com//ajax/pointData?activityId=35763235
GPX URL: http://runkeeper.com/download/activity?activityId=35763235&downloadType=gpx
--------------------------------------------

05/31/2011 17:46:22 PM
--------------------------------------------
Finding activity for phpfunk...
Activity ID: 35647478
Activity Date: 05/15/2011
Max Date: 05/31/2011
Min Date: 05/01/2011
Max Range: 1305496800 <= 1306814400
Min Range: 1305496800 >= 1304222400
JSON URL: http://runkeeper.com//ajax/pointData?activityId=35647478
GPX URL: http://runkeeper.com/download/activity?activityId=35647478&downloadType=gpx
--------------------------------------------

05/31/2011 17:46:23 PM
--------------------------------------------
Finding activity for phpfunk...
Activity ID: 35518689
Activity Date: 05/14/2011
Max Date: 05/31/2011
Min Date: 05/01/2011
Max Range: 1305404630 <= 1306814400
Min Range: 1305404630 >= 1304222400
JSON URL: http://runkeeper.com//ajax/pointData?activityId=35518689
GPX URL: http://runkeeper.com/download/activity?activityId=35518689&downloadType=gpx
--------------------------------------------

05/31/2011 17:46:25 PM
--------------------------------------------
Finding activity for phpfunk...
Activity ID: 35391869
Activity Date: 05/13/2011
Max Date: 05/31/2011
Min Date: 05/01/2011
Max Range: 1305299412 <= 1306814400
Min Range: 1305299412 >= 1304222400
JSON URL: http://runkeeper.com//ajax/pointData?activityId=35391869
GPX URL: http://runkeeper.com/download/activity?activityId=35391869&downloadType=gpx
--------------------------------------------

05/31/2011 17:46:26 PM
--------------------------------------------
Finding activity for phpfunk...
Activity ID: 35118067
Activity Date: 05/11/2011
Max Date: 05/31/2011
Min Date: 05/01/2011
Max Range: 1305096930 <= 1306814400
Min Range: 1305096930 >= 1304222400
JSON URL: http://runkeeper.com//ajax/pointData?activityId=35118067
GPX URL: http://runkeeper.com/download/activity?activityId=35118067&downloadType=gpx
--------------------------------------------

05/31/2011 17:46:28 PM
--------------------------------------------
Finding activity for phpfunk...
Activity ID: 34880800
Activity Date: 05/09/2011
Max Date: 05/31/2011
Min Date: 05/01/2011
Max Range: 1304973816 <= 1306814400
Min Range: 1304973816 >= 1304222400
JSON URL: http://runkeeper.com//ajax/pointData?activityId=34880800
GPX URL: http://runkeeper.com/download/activity?activityId=34880800&downloadType=gpx
--------------------------------------------

05/31/2011 17:46:29 PM
--------------------------------------------
Finding activity for phpfunk...
Activity ID: 34368276
Activity Date: 05/05/2011
Max Date: 05/31/2011
Min Date: 05/01/2011
Max Range: 1304630613 <= 1306814400
Min Range: 1304630613 >= 1304222400
JSON URL: http://runkeeper.com//ajax/pointData?activityId=34368276
GPX URL: http://runkeeper.com/download/activity?activityId=34368276&downloadType=gpx
--------------------------------------------

05/31/2011 17:46:31 PM
--------------------------------------------
Finding activity for phpfunk...
Activity ID: 34239905
Activity Date: 05/04/2011
Max Date: 05/31/2011
Min Date: 05/01/2011
Max Range: 1304542142 <= 1306814400
Min Range: 1304542142 >= 1304222400
JSON URL: http://runkeeper.com//ajax/pointData?activityId=34239905
GPX URL: http://runkeeper.com/download/activity?activityId=34239905&downloadType=gpx
--------------------------------------------

05/31/2011 17:46:32 PM
--------------------------------------------
Finding activity for phpfunk...
Activity ID: 34114678
Activity Date: 05/03/2011
Max Date: 05/31/2011
Min Date: 05/01/2011
Max Range: 1304458329 <= 1306814400
Min Range: 1304458329 >= 1304222400
JSON URL: http://runkeeper.com//ajax/pointData?activityId=34114678
GPX URL: http://runkeeper.com/download/activity?activityId=34114678&downloadType=gpx
--------------------------------------------

05/31/2011 17:46:34 PM
--------------------------------------------
Finding activity for phpfunk...
Activity ID: 33820200
Activity Date: 05/01/2011
Max Date: 05/31/2011
Min Date: 05/01/2011
Max Range: 1304255529 <= 1306814400
Min Range: 1304255529 >= 1304222400
JSON URL: http://runkeeper.com//ajax/pointData?activityId=33820200
GPX URL: http://runkeeper.com/download/activity?activityId=33820200&downloadType=gpx
--------------------------------------------

05/31/2011 17:46:35 PM
--------------------------------------------
Getting stats...
Activity Type: RUN - Stats used.
Activity Type: RUN - Stats used.
Activity Type: RUN - Stats used.
Activity Type: RUN - Stats used.
Activity Type: RUN - Stats used.
Activity Type: RUN - Stats used.
Activity Type: RUN - Stats used.
Activity Type: RUN - Stats used.
Activity Type: RUN - Stats used.
Activity Type: RUN - Stats used.
Activity Type: RUN - Stats used.
Activity Type: RUN - Stats used.
Activity Type: RUN - Stats used.
Activity Type: RUN - Stats used.
Activity Type: RUN - Stats used.
Activity Type: RUN - Stats used.
--------------------------------------------

05/31/2011 17:46:43 PM
--------------------------------------------
Checking distance...
EQ: <=5
Distance: 3.10
Use Stat: 1
--------------------------------------------

05/31/2011 17:46:43 PM
--------------------------------------------
Checking distance...
EQ: <=5
Distance: 5.07
Use Stat: 1
--------------------------------------------

05/31/2011 17:46:43 PM
--------------------------------------------
Checking distance...
EQ: <=5
Distance: 5.13
Use Stat: 1
--------------------------------------------

05/31/2011 17:46:43 PM
--------------------------------------------
Checking distance...
EQ: <=5
Distance: 6.05
Use Stat: 
--------------------------------------------

05/31/2011 17:46:43 PM
--------------------------------------------
Checking distance...
EQ: <=5
Distance: 3.10
Use Stat: 1
--------------------------------------------

05/31/2011 17:46:43 PM
--------------------------------------------
Checking distance...
EQ: <=5
Distance: 3.10
Use Stat: 1
--------------------------------------------

05/31/2011 17:46:43 PM
--------------------------------------------
Checking distance...
EQ: <=5
Distance: 3.16
Use Stat: 1
--------------------------------------------

05/31/2011 17:46:43 PM
--------------------------------------------
Checking distance...
EQ: <=5
Distance: 6.36
Use Stat: 
--------------------------------------------

05/31/2011 17:46:43 PM
--------------------------------------------
Checking distance...
EQ: <=5
Distance: 7.50
Use Stat: 
--------------------------------------------

05/31/2011 17:46:43 PM
--------------------------------------------
Checking distance...
EQ: <=5
Distance: 3.16
Use Stat: 1
--------------------------------------------

05/31/2011 17:46:43 PM
--------------------------------------------
Checking distance...
EQ: <=5
Distance: 5.07
Use Stat: 1
--------------------------------------------

05/31/2011 17:46:43 PM
--------------------------------------------
Checking distance...
EQ: <=5
Distance: 3.10
Use Stat: 1
--------------------------------------------

05/31/2011 17:46:43 PM
--------------------------------------------
Checking distance...
EQ: <=5
Distance: 3.10
Use Stat: 1
--------------------------------------------

05/31/2011 17:46:43 PM
--------------------------------------------
Checking distance...
EQ: <=5
Distance: 3.16
Use Stat: 1
--------------------------------------------

05/31/2011 17:46:43 PM
--------------------------------------------
Checking distance...
EQ: <=5
Distance: 5.13
Use Stat: 1
--------------------------------------------

05/31/2011 17:46:43 PM
--------------------------------------------
Checking distance...
EQ: <=5
Distance: 6.21
Use Stat: 
--------------------------------------------

